<?xml version="1.0" encoding="UTF-8"?>
<!-- Generated by org.testng.reporters.JUnitXMLReporter -->
<testsuite ignored="0" hostname="admin" failures="0" tests="3" name="Default test" time="49.796" errors="0" timestamp="30 Mar 2021 08:14:24 GMT">
  <testcase classname="BasicConcepts_TestNG.Inheritance_Application" name="titleCheck" time="0.157"/>
  <testcase classname="BasicConcepts_TestNG.Inheritance_Application" name="logoDisplayCheck" time="0.407"/>
  <testcase classname="BasicConcepts_TestNG.Inheritance_Application" name="searchEntryCheck" time="1.742"/>
</testsuite> <!-- Default test -->
